0 info it worked if it ends with ok
1 verbose cli [ '/home/action/.nvm/v0.10.11/bin/node',
1 verbose cli   '/home/action/.nvm/v0.10.11/bin/npm',
1 verbose cli   'install',
1 verbose cli   'Cairo' ]
2 info using npm@1.2.30
3 info using node@v0.10.11
4 verbose read json /home/action/PixelProdigy/package.json
5 warn package.json photo@0.0.1 No repository field.
6 verbose read json /home/action/PixelProdigy/node_modules/caman/package.json
7 verbose read json /home/action/PixelProdigy/node_modules/canvas/package.json
8 verbose read json /home/action/PixelProdigy/node_modules/express/package.json
9 verbose read json /home/action/PixelProdigy/node_modules/jade/package.json
10 verbose read json /home/action/PixelProdigy/node_modules/passport/package.json
11 verbose read json /home/action/PixelProdigy/node_modules/passport-local/package.json
12 verbose read json /home/action/PixelProdigy/node_modules/pg/package.json
13 verbose from cache /home/action/PixelProdigy/package.json
14 verbose readDependencies using package.json deps
15 verbose cache add [ 'Cairo', null ]
16 verbose cache add name=undefined spec="Cairo" args=["Cairo",null]
17 verbose parsed url { protocol: null,
17 verbose parsed url   slashes: null,
17 verbose parsed url   auth: null,
17 verbose parsed url   host: null,
17 verbose parsed url   port: null,
17 verbose parsed url   hostname: null,
17 verbose parsed url   hash: null,
17 verbose parsed url   search: null,
17 verbose parsed url   query: null,
17 verbose parsed url   pathname: 'Cairo',
17 verbose parsed url   path: 'Cairo',
17 verbose parsed url   href: 'Cairo' }
18 silly lockFile 2022c1fd-Cairo Cairo
19 verbose lock Cairo /home/action/.npm/2022c1fd-Cairo.lock
20 silly lockFile 2022c1fd-Cairo Cairo
21 silly lockFile 2022c1fd-Cairo Cairo
22 verbose addNamed [ 'Cairo', '' ]
23 verbose addNamed [ null, '' ]
24 silly lockFile 1db19454-Cairo Cairo@
25 verbose lock Cairo@ /home/action/.npm/1db19454-Cairo.lock
26 silly addNameRange { name: 'Cairo', range: '', hasData: false }
27 verbose url raw Cairo
28 verbose url resolving [ 'https://registry.npmjs.org/', './Cairo' ]
29 verbose url resolved https://registry.npmjs.org/Cairo
30 info trying registry request attempt 1 at 23:34:18
31 http GET https://registry.npmjs.org/Cairo
32 http 404 https://registry.npmjs.org/Cairo
33 silly registry.get cb [ 404,
33 silly registry.get   { server: 'CouchDB/1.3.1 (Erlang OTP/R15B03)',
33 silly registry.get     date: 'Tue, 17 Dec 2013 23:34:19 GMT',
33 silly registry.get     'content-type': 'application/json',
33 silly registry.get     'content-length': '52',
33 silly registry.get     'cache-control': 'must-revalidate' } ]
34 silly lockFile 1db19454-Cairo Cairo@
35 silly lockFile 1db19454-Cairo Cairo@
36 error 404 'Cairo' is not in the npm registry.
36 error 404 You should bug the author to publish it
36 error 404
36 error 404 Note that you can also install from a
36 error 404 tarball, folder, or http url, or git url.
37 error System Linux 3.8.0-32-generic
38 error command "/home/action/.nvm/v0.10.11/bin/node" "/home/action/.nvm/v0.10.11/bin/npm" "install" "Cairo"
39 error cwd /home/action/PixelProdigy
40 error node -v v0.10.11
41 error npm -v 1.2.30
42 error code E404
43 verbose exit [ 1, true ]
